<?xml version="1.0" encoding="UTF-8"?>
<testsuite xmlns:xsi="http://www.w3.org/2001/XMLSchema-instance" xsi:noNamespaceSchemaLocation="https://maven.apache.org/surefire/maven-surefire-plugin/xsd/surefire-test-report.xsd" name="com.zopaukrate.task.model.LoanAmountTest" time="0.001" tests="3" errors="0" skipped="0" failures="0">
  <properties>
[...]
</properties>
  <testcase name="shouldFailWhenRequestedAmountIsLessThanMinimum" classname="com.zopaukrate.task.model.LoanAmountTest" time="0"/>
  <testcase name="shouldFailWhenRequestedAmountIsGreaterThanMaximum" classname="com.zopaukrate.task.model.LoanAmountTest" time="0"/>
  <testcase name="shouldValidateIncrementOf100" classname="com.zopaukrate.task.model.LoanAmountTest" time="0"/>
</testsuite>